Arguments: 
  C:\Program Files\nodejs\node.exe C:\Program Files (x86)\Yarn\bin\yarn.js install

PATH: 
  C:\ProgramData\DockerDesktop\version-bin;C:\Program Files\Docker\Docker\Resources\bin;C:\Program Files (x86)\Common Files\Oracle\Java\javapath;C:\Windows\system32;C:\Windows;C:\Windows\System32\Wbem;C:\Windows\System32\WindowsPowerShell\v1.0\;C:\Windows\System32\OpenSSH\;C:\Program Files\Java\jdk1.8.0_201\bin;C:\Program Files\Git\cmd;C:\Program Files (x86)\Yarn\bin\;C:\Program Files\nodejs\;C:\Program Files\Microsoft VS Code\bin;C:\Program Files\MySQL\MySQL Utilities 1.6\;C:\net-snmp\bin;C:\Cacti\net-snmp\bin;C:\Users\ThuyTien\AppData\Local\Microsoft\WindowsApps;C:\Program Files\Java\jdk1.8.0_201\bin;C:\Users\ThuyTien\AppData\Local\Yarn\bin;C:\Program Files (x86)\Yarn\bin;C:\Program Files\MongoDB\Server\4.0\bin;C:\Program Files\JetBrains\WebStorm 2018.3.4\bin;;C:\Users\ThuyTien\AppData\Roaming\npm;C:\Program Files\nodejs;C:\xampp\mysql\bin;

Yarn version: 
  1.13.0

Node version: 
  8.11.3

Platform: 
  win32 x64

Trace: 
  Error: EPERM: operation not permitted, copyfile 'C:\Users\ThuyTien\AppData\Local\Yarn\Cache\v4\npm-fbjs-0.6.1-9636b7705f5ba9684d44b72f78321254afc860f7\node_modules\fbjs\lib\warning.js' -> 'F:\18-19\web-betagia\node_modules\fbjs\lib\warning.js'

npm manifest: 
  {
    "name": "web-betagia",
    "version": "1.0.0",
    "description": "A React blog with redux and firebase",
    "main": "webpack.config.js",
    "scripts": {
      "start": "node ./node_modules/webpack-dev-server/bin/webpack-dev-server.js",
      "test": "mocha --compilers js:babel-core/register --require ./test/test_helper.js --recursive ./test",
      "test:watch": "npm run test -- --watch"
    },
    "directories": {
      "test": "test"
    },
    "devDependencies": {
      "babel-cli": "^6.26.0",
      "babel-core": "^6.2.1",
      "babel-loader": "^6.2.0",
      "babel-plugin-lodash": "^3.2.11",
      "babel-preset-env": "^1.6.1",
      "babel-preset-es2015": "^6.1.18",
      "babel-preset-react": "^6.1.18",
      "chai": "^3.5.0",
      "chai-jquery": "^2.0.0",
      "jquery": "^2.2.1",
      "jsdom": "^8.1.0",
      "mocha": "^2.4.5",
      "react-addons-test-utils": "^0.14.7",
      "webpack": "^1.12.9",
      "webpack-dev-server": "^1.14.0"
    },
    "dependencies": {
      "axios": "^0.17.0",
      "babel-preset-stage-1": "^6.1.18",
      "firebase": "^4.5.1",
      "history": "^4.7.2",
      "lodash": "^3.10.1",
      "react": "^0.14.3",
      "react-dom": "^0.14.3",
      "react-redux": "4.3.0",
      "react-router": "^4.2.0",
      "react-router-dom": "^4.2.2",
      "react-router-redux": "^5.0.0-alpha.8",
      "reactstrap": "^8.0.0",
      "redux": "^3.0.4",
      "redux-form": "^7.1.2",
      "redux-promise": "^0.5.3",
      "redux-thunk": "^2.2.0",
      "semantic-ui-css": "^2.2.12",
      "semantic-ui-react": "^0.75.1"
    },
    "repository": {
      "type": "git",
      "url": "git+https://github.com/ThuyTienUet/betagia.git"
    },
    "author": "",
    "license": "ISC",
    "bugs": {
      "url": "https://github.com/ThuyTienUet/betagia/issues"
    },
    "homepage": "https://github.com/ThuyTienUet/betagia#readme"
  }

yarn manifest: 
  No manifest

Lockfile: 
  No lockfile
